2021-09-20 12:10:24.487  INFO 7148 --- [main] c.e.f.SpringFinalProjectApplication      : Starting SpringFinalProjectApplication using Java 1.8.0_302 on DESKTOP-9PNP6SA with PID 7148 (C:\Users\maloi\IdeaProjects\springFinalProject\target\classes started by maloi in C:\Users\maloi\IdeaProjects\springFinalProject)
2021-09-20 12:10:24.498  INFO 7148 --- [main] c.e.f.SpringFinalProjectApplication      : No active profile set, falling back to default profiles: default
2021-09-20 12:10:25.976  INFO 7148 --- [main] .s.d.r.c.RepositoryConfigurationDelegate : Bootstrapping Spring Data JPA repositories in DEFAULT mode.
2021-09-20 12:10:26.046  INFO 7148 --- [main] .s.d.r.c.RepositoryConfigurationDelegate : Finished Spring Data repository scanning in 59 ms. Found 6 JPA repository interfaces.
2021-09-20 12:10:26.596  INFO 7148 --- [main] o.s.b.w.embedded.tomcat.TomcatWebServer  : Tomcat initialized with port(s): 8080 (http)
2021-09-20 12:10:26.604  INFO 7148 --- [main] o.apache.catalina.core.StandardService   : Starting service [Tomcat]
2021-09-20 12:10:26.605  INFO 7148 --- [main] org.apache.catalina.core.StandardEngine  : Starting Servlet engine: [Apache Tomcat/9.0.52]
2021-09-20 12:10:26.687  INFO 7148 --- [main] o.a.c.c.C.[Tomcat].[localhost].[/]       : Initializing Spring embedded WebApplicationContext
2021-09-20 12:10:26.687  INFO 7148 --- [main] w.s.c.ServletWebServerApplicationContext : Root WebApplicationContext: initialization completed in 2118 ms
2021-09-20 12:10:27.312  INFO 7148 --- [main] com.zaxxer.hikari.HikariDataSource       : HikariPool-1 - Starting...
2021-09-20 12:10:27.857  INFO 7148 --- [main] com.zaxxer.hikari.HikariDataSource       : HikariPool-1 - Start completed.
2021-09-20 12:10:28.989  INFO 7148 --- [main] j.LocalContainerEntityManagerFactoryBean : Initialized JPA EntityManagerFactory for persistence unit 'default'
2021-09-20 12:10:29.393  WARN 7148 --- [main] JpaBaseConfiguration$JpaWebConfiguration : spring.jpa.open-in-view is enabled by default. Therefore, database queries may be performed during view rendering. Explicitly configure spring.jpa.open-in-view to disable this warning
2021-09-20 12:10:29.579  INFO 7148 --- [main] o.s.s.web.DefaultSecurityFilterChain     : Will secure Ant [pattern='/resources/**'] with []
2021-09-20 12:10:29.579  INFO 7148 --- [main] o.s.s.web.DefaultSecurityFilterChain     : Will secure Ant [pattern='/static/**'] with []
2021-09-20 12:10:29.580  INFO 7148 --- [main] o.s.s.web.DefaultSecurityFilterChain     : Will secure Ant [pattern='/css/**'] with []
2021-09-20 12:10:29.712 DEBUG 7148 --- [main] s.w.s.m.m.a.RequestMappingHandlerMapping : 28 mappings in 'requestMappingHandlerMapping'
2021-09-20 12:10:29.724  INFO 7148 --- [main] o.s.b.a.w.s.WelcomePageHandlerMapping    : Adding welcome page template: index
2021-09-20 12:10:29.733 DEBUG 7148 --- [main] o.s.w.s.handler.SimpleUrlHandlerMapping  : Patterns [/login] in 'viewControllerHandlerMapping'
2021-09-20 12:10:29.811 DEBUG 7148 --- [main] o.s.w.s.handler.SimpleUrlHandlerMapping  : Patterns [/webjars/**, /**] in 'resourceHandlerMapping'
2021-09-20 12:10:29.814  INFO 7148 --- [main] o.s.s.web.DefaultSecurityFilterChain     : Will secure any request with [org.springframework.security.web.context.request.async.WebAsyncManagerIntegrationFilter@37ffe4f3, org.springframework.security.web.context.SecurityContextPersistenceFilter@322b09da, org.springframework.security.web.header.HeaderWriterFilter@6aad919c, org.springframework.web.filter.CorsFilter@4fa0ee7e, org.springframework.security.web.authentication.logout.LogoutFilter@bd4ee01, org.springframework.security.web.authentication.UsernamePasswordAuthenticationFilter@77c23d90, org.springframework.security.web.savedrequest.RequestCacheAwareFilter@308e87a1, org.springframework.security.web.servletapi.SecurityContextHolderAwareRequestFilter@5112b7, org.springframework.security.web.authentication.AnonymousAuthenticationFilter@202f054f, org.springframework.security.web.session.SessionManagementFilter@211a9647, org.springframework.security.web.access.ExceptionTranslationFilter@48c5698, org.springframework.security.web.access.intercept.FilterSecurityInterceptor@79f1e22e]
2021-09-20 12:10:29.883 DEBUG 7148 --- [main] s.w.s.m.m.a.RequestMappingHandlerAdapter : ControllerAdvice beans: 0 @ModelAttribute, 0 @InitBinder, 1 RequestBodyAdvice, 1 ResponseBodyAdvice
2021-09-20 12:10:29.917 DEBUG 7148 --- [main] .m.m.a.ExceptionHandlerExceptionResolver : ControllerAdvice beans: 0 @ExceptionHandler, 1 ResponseBodyAdvice
2021-09-20 12:10:30.291  INFO 7148 --- [main] o.s.b.w.embedded.tomcat.TomcatWebServer  : Tomcat started on port(s): 8080 (http) with context path ''
2021-09-20 12:10:30.299  INFO 7148 --- [main] c.e.f.SpringFinalProjectApplication      : Started SpringFinalProjectApplication in 6.466 seconds (JVM running for 8.139)
2021-09-20 12:10:34.370  INFO 7148 --- [http-nio-8080-exec-1] o.a.c.c.C.[Tomcat].[localhost].[/]       : Initializing Spring DispatcherServlet 'dispatcherServlet'
2021-09-20 12:10:34.371  INFO 7148 --- [http-nio-8080-exec-1] o.s.web.servlet.DispatcherServlet        : Initializing Servlet 'dispatcherServlet'
2021-09-20 12:10:34.372 DEBUG 7148 --- [http-nio-8080-exec-1] o.s.web.servlet.DispatcherServlet        : Detected StandardServletMultipartResolver
2021-09-20 12:10:34.373 DEBUG 7148 --- [http-nio-8080-exec-1] o.s.web.servlet.DispatcherServlet        : Detected SessionLocaleResolver
2021-09-20 12:10:34.374 DEBUG 7148 --- [http-nio-8080-exec-1] o.s.web.servlet.DispatcherServlet        : Detected FixedThemeResolver
2021-09-20 12:10:34.375 DEBUG 7148 --- [http-nio-8080-exec-1] o.s.web.servlet.DispatcherServlet        : Detected org.springframework.web.servlet.view.DefaultRequestToViewNameTranslator@740c4868
2021-09-20 12:10:34.376 DEBUG 7148 --- [http-nio-8080-exec-1] o.s.web.servlet.DispatcherServlet        : Detected org.springframework.web.servlet.support.SessionFlashMapManager@d85b399
2021-09-20 12:10:34.376 DEBUG 7148 --- [http-nio-8080-exec-1] o.s.web.servlet.DispatcherServlet        : enableLoggingRequestDetails='false': request parameters and headers will be masked to prevent unsafe logging of potentially sensitive data
2021-09-20 12:10:34.376  INFO 7148 --- [http-nio-8080-exec-1] o.s.web.servlet.DispatcherServlet        : Completed initialization in 5 ms
2021-09-20 12:10:34.432 DEBUG 7148 --- [http-nio-8080-exec-2] o.s.w.s.handler.SimpleUrlHandlerMapping  : Mapped to ParameterizableViewController [view="login"]
2021-09-20 12:10:34.436 DEBUG 7148 --- [http-nio-8080-exec-2] o.s.web.servlet.DispatcherServlet        : GET "/login", parameters={}
2021-09-20 12:10:34.437 DEBUG 7148 --- [http-nio-8080-exec-2] o.s.w.s.handler.SimpleUrlHandlerMapping  : Mapped to ParameterizableViewController [view="login"]
2021-09-20 12:10:34.447 DEBUG 7148 --- [http-nio-8080-exec-2] o.s.w.s.v.ContentNegotiatingViewResolver : Selected 'text/html' given [text/html, application/xhtml+xml, image/avif, image/webp, image/apng, application/xml;q=0.9, application/signed-exchange;v=b3;q=0.9, */*;q=0.8]
2021-09-20 12:10:34.846 DEBUG 7148 --- [http-nio-8080-exec-2] o.s.web.servlet.DispatcherServlet        : Completed 200 OK
2021-09-20 12:10:34.873 DEBUG 7148 --- [http-nio-8080-exec-3] o.s.web.servlet.DispatcherServlet        : GET "/css/auth.css", parameters={}
2021-09-20 12:10:34.876 DEBUG 7148 --- [http-nio-8080-exec-3] o.s.w.s.handler.SimpleUrlHandlerMapping  : Mapped to ResourceHttpRequestHandler [Classpath [META-INF/resources/], Classpath [resources/], Classpath [static/], Classpath [public/], ServletContext [/]]
2021-09-20 12:10:34.897 DEBUG 7148 --- [http-nio-8080-exec-3] o.s.web.servlet.DispatcherServlet        : Completed 200 OK
2021-09-20 12:10:35.443 DEBUG 7148 --- [http-nio-8080-exec-4] o.s.w.s.handler.SimpleUrlHandlerMapping  : Mapped to ResourceHttpRequestHandler [Classpath [META-INF/resources/], Classpath [resources/], Classpath [static/], Classpath [public/], ServletContext [/]]
2021-09-20 12:10:35.454 DEBUG 7148 --- [http-nio-8080-exec-5] o.s.w.s.handler.SimpleUrlHandlerMapping  : Mapped to ParameterizableViewController [view="login"]
2021-09-20 12:10:35.456 DEBUG 7148 --- [http-nio-8080-exec-5] o.s.web.servlet.DispatcherServlet        : GET "/login", parameters={}
2021-09-20 12:10:35.457 DEBUG 7148 --- [http-nio-8080-exec-5] o.s.w.s.handler.SimpleUrlHandlerMapping  : Mapped to ParameterizableViewController [view="login"]
2021-09-20 12:10:35.458 DEBUG 7148 --- [http-nio-8080-exec-5] o.s.w.s.v.ContentNegotiatingViewResolver : Selected '*/*' given [image/avif, image/webp, image/apng, image/svg+xml, image/*, */*;q=0.8]
2021-09-20 12:10:35.461 DEBUG 7148 --- [http-nio-8080-exec-5] o.s.web.servlet.DispatcherServlet        : Completed 200 OK
2021-09-20 12:10:40.734  INFO 7148 --- [SpringApplicationShutdownHook] j.LocalContainerEntityManagerFactoryBean : Closing JPA EntityManagerFactory for persistence unit 'default'
2021-09-20 12:10:40.796  INFO 7148 --- [SpringApplicationShutdownHook] com.zaxxer.hikari.HikariDataSource       : HikariPool-1 - Shutdown initiated...
2021-09-20 12:10:40.862  INFO 7148 --- [SpringApplicationShutdownHook] com.zaxxer.hikari.HikariDataSource       : HikariPool-1 - Shutdown completed.
